{"/Users/haticeedis/Projects/openSources/vue-datepicker-ui/src/components/calendar.vue": {"path":"/Users/haticeedis/Projects/openSources/vue-datepicker-ui/src/components/calendar.vue","statementMap":{"0":{"start":{"line":75,"column":0},"end":{"line":75,"column":null}},"1":{"start":{"line":77,"column":15},"end":{"line":77,"column":null}},"2":{"start":{"line":119,"column":6},"end":{"line":123,"column":20}},"3":{"start":{"line":120,"column":8},"end":{"line":120,"column":15}},"4":{"start":{"line":123,"column":13},"end":{"line":123,"column":20}},"5":{"start":{"line":126,"column":6},"end":{"line":126,"column":13}},"6":{"start":{"line":129,"column":20},"end":{"line":129,"column":null}},"7":{"start":{"line":130,"column":6},"end":{"line":130,"column":13}},"8":{"start":{"line":133,"column":6},"end":{"line":133,"column":13}},"9":{"start":{"line":136,"column":6},"end":{"line":136,"column":null}},"10":{"start":{"line":144,"column":6},"end":{"line":144,"column":14}},"11":{"start":{"line":146,"column":10},"end":{"line":146,"column":14}},"12":{"start":{"line":147,"column":10},"end":{"line":147,"column":null}},"13":{"start":{"line":149,"column":10},"end":{"line":149,"column":14}},"14":{"start":{"line":150,"column":10},"end":{"line":150,"column":null}},"15":{"start":{"line":152,"column":10},"end":{"line":152,"column":14}},"16":{"start":{"line":154,"column":6},"end":{"line":154,"column":13}},"17":{"start":{"line":157,"column":6},"end":{"line":157,"column":13}},"18":{"start":{"line":159,"column":11},"end":{"line":163,"column":null}},"19":{"start":{"line":164,"column":8},"end":{"line":164,"column":15}},"20":{"start":{"line":171,"column":23},"end":{"line":171,"column":null}},"21":{"start":{"line":172,"column":22},"end":{"line":172,"column":26}},"22":{"start":{"line":173,"column":24},"end":{"line":173,"column":28}},"23":{"start":{"line":175,"column":6},"end":{"line":175,"column":13}},"24":{"start":{"line":176,"column":22},"end":{"line":176,"column":null}},"25":{"start":{"line":177,"column":8},"end":{"line":188,"column":null}},"26":{"start":{"line":178,"column":10},"end":{"line":178,"column":17}},"27":{"start":{"line":185,"column":10},"end":{"line":185,"column":17}},"28":{"start":{"line":189,"column":8},"end":{"line":189,"column":15}},"29":{"start":{"line":198,"column":6},"end":{"line":198,"column":13}},"30":{"start":{"line":201,"column":6},"end":{"line":201,"column":30}},"31":{"start":{"line":201,"column":23},"end":{"line":201,"column":30}},"32":{"start":{"line":202,"column":28},"end":{"line":202,"column":33}},"33":{"start":{"line":203,"column":28},"end":{"line":203,"column":33}},"34":{"start":{"line":204,"column":26},"end":{"line":204,"column":31}},"35":{"start":{"line":206,"column":6},"end":{"line":206,"column":13}},"36":{"start":{"line":209,"column":6},"end":{"line":209,"column":11}},"37":{"start":{"line":212,"column":6},"end":{"line":212,"column":14}},"38":{"start":{"line":214,"column":10},"end":{"line":214,"column":15}},"39":{"start":{"line":215,"column":10},"end":{"line":215,"column":null}},"40":{"start":{"line":217,"column":10},"end":{"line":217,"column":15}},"41":{"start":{"line":221,"column":10},"end":{"line":221,"column":null}},"42":{"start":{"line":223,"column":10},"end":{"line":223,"column":15}},"43":{"start":{"line":227,"column":6},"end":{"line":227,"column":14}},"44":{"start":{"line":229,"column":10},"end":{"line":229,"column":15}},"45":{"start":{"line":230,"column":10},"end":{"line":230,"column":null}},"46":{"start":{"line":232,"column":10},"end":{"line":232,"column":15}},"47":{"start":{"line":236,"column":10},"end":{"line":236,"column":null}},"48":{"start":{"line":238,"column":10},"end":{"line":238,"column":15}},"49":{"start":{"line":242,"column":6},"end":{"line":242,"column":11}},"50":{"start":{"line":245,"column":6},"end":{"line":245,"column":11}},"51":{"start":{"line":248,"column":6},"end":{"line":248,"column":11}}},"fnMap":{"0":{"name":"(anonymous_0)","decl":{"start":{"line":118,"column":4},"end":{"line":118,"column":20}},"loc":{"start":{"line":118,"column":24},"end":{"line":124,"column":null}}},"1":{"name":"(anonymous_1)","decl":{"start":{"line":125,"column":4},"end":{"line":125,"column":13}},"loc":{"start":{"line":125,"column":17},"end":{"line":127,"column":null}}},"2":{"name":"(anonymous_2)","decl":{"start":{"line":128,"column":4},"end":{"line":128,"column":14}},"loc":{"start":{"line":128,"column":18},"end":{"line":131,"column":null}}},"3":{"name":"(anonymous_3)","decl":{"start":{"line":132,"column":4},"end":{"line":132,"column":14}},"loc":{"start":{"line":132,"column":18},"end":{"line":134,"column":null}}},"4":{"name":"(anonymous_4)","decl":{"start":{"line":135,"column":4},"end":{"line":135,"column":15}},"loc":{"start":{"line":135,"column":19},"end":{"line":141,"column":null}}},"5":{"name":"(anonymous_5)","decl":{"start":{"line":142,"column":4},"end":{"line":142,"column":18}},"loc":{"start":{"line":142,"column":22},"end":{"line":155,"column":null}}},"6":{"name":"(anonymous_6)","decl":{"start":{"line":156,"column":4},"end":{"line":156,"column":9}},"loc":{"start":{"line":156,"column":13},"end":{"line":169,"column":null}}},"7":{"name":"(anonymous_7)","decl":{"start":{"line":157,"column":38},"end":{"line":157,"column":44}},"loc":{"start":{"line":157,"column":44},"end":{"line":168,"column":null}}},"8":{"name":"(anonymous_8)","decl":{"start":{"line":170,"column":4},"end":{"line":170,"column":10}},"loc":{"start":{"line":170,"column":14},"end":{"line":194,"column":null}}},"9":{"name":"(anonymous_9)","decl":{"start":{"line":175,"column":39},"end":{"line":175,"column":45}},"loc":{"start":{"line":175,"column":45},"end":{"line":193,"column":null}}},"10":{"name":"(anonymous_10)","decl":{"start":{"line":197,"column":4},"end":{"line":197,"column":11}},"loc":{"start":{"line":197,"column":19},"end":{"line":199,"column":null}}},"11":{"name":"(anonymous_11)","decl":{"start":{"line":200,"column":4},"end":{"line":200,"column":20}},"loc":{"start":{"line":200,"column":28},"end":{"line":207,"column":null}}},"12":{"name":"(anonymous_12)","decl":{"start":{"line":208,"column":4},"end":{"line":208,"column":15}},"loc":{"start":{"line":208,"column":27},"end":{"line":210,"column":null}}},"13":{"name":"(anonymous_13)","decl":{"start":{"line":211,"column":4},"end":{"line":211,"column":8}},"loc":{"start":{"line":211,"column":12},"end":{"line":225,"column":null}}},"14":{"name":"(anonymous_14)","decl":{"start":{"line":226,"column":4},"end":{"line":226,"column":8}},"loc":{"start":{"line":226,"column":12},"end":{"line":240,"column":null}}},"15":{"name":"(anonymous_15)","decl":{"start":{"line":241,"column":4},"end":{"line":241,"column":18}},"loc":{"start":{"line":241,"column":26},"end":{"line":243,"column":null}}},"16":{"name":"(anonymous_16)","decl":{"start":{"line":244,"column":4},"end":{"line":244,"column":11}},"loc":{"start":{"line":244,"column":19},"end":{"line":246,"column":null}}},"17":{"name":"(anonymous_17)","decl":{"start":{"line":247,"column":4},"end":{"line":247,"column":12}},"loc":{"start":{"line":247,"column":21},"end":{"line":249,"column":null}}}},"branchMap":{"0":{"loc":{"start":{"line":119,"column":6},"end":{"line":123,"column":20}},"type":"if","locations":[{"start":{"line":119,"column":6},"end":{"line":123,"column":20}},{"start":{"line":119,"column":6},"end":{"line":123,"column":20}}]},"1":{"loc":{"start":{"line":121,"column":12},"end":{"line":121,"column":17}},"type":"cond-expr","locations":[{"start":{"line":121,"column":12},"end":{"line":121,"column":17}},{"start":{"line":122,"column":12},"end":{"line":122,"column":17}}]},"2":{"loc":{"start":{"line":145,"column":8},"end":{"line":147,"column":null}},"type":"switch","locations":[{"start":{"line":145,"column":8},"end":{"line":147,"column":null}},{"start":{"line":148,"column":8},"end":{"line":150,"column":null}},{"start":{"line":151,"column":8},"end":{"line":152,"column":14}}]},"3":{"loc":{"start":{"line":159,"column":11},"end":{"line":159,"column":null}},"type":"binary-expr","locations":[{"start":{"line":159,"column":11},"end":{"line":159,"column":null}},{"start":{"line":160,"column":12},"end":{"line":160,"column":null}},{"start":{"line":161,"column":12},"end":{"line":161,"column":null}},{"start":{"line":162,"column":11},"end":{"line":162,"column":null}},{"start":{"line":163,"column":12},"end":{"line":163,"column":null}}]},"4":{"loc":{"start":{"line":177,"column":8},"end":{"line":188,"column":null}},"type":"if","locations":[{"start":{"line":177,"column":8},"end":{"line":188,"column":null}},{"start":{"line":177,"column":8},"end":{"line":188,"column":null}}]},"5":{"loc":{"start":{"line":178,"column":21},"end":{"line":178,"column":null}},"type":"binary-expr","locations":[{"start":{"line":178,"column":21},"end":{"line":178,"column":null}},{"start":{"line":179,"column":13},"end":{"line":179,"column":null}},{"start":{"line":180,"column":13},"end":{"line":180,"column":null}},{"start":{"line":181,"column":12},"end":{"line":181,"column":null}},{"start":{"line":182,"column":13},"end":{"line":182,"column":null}},{"start":{"line":183,"column":13},"end":{"line":183,"column":null}}]},"6":{"loc":{"start":{"line":185,"column":21},"end":{"line":185,"column":null}},"type":"binary-expr","locations":[{"start":{"line":185,"column":21},"end":{"line":185,"column":null}},{"start":{"line":186,"column":13},"end":{"line":186,"column":null}},{"start":{"line":187,"column":13},"end":{"line":187,"column":null}}]},"7":{"loc":{"start":{"line":201,"column":6},"end":{"line":201,"column":30}},"type":"if","locations":[{"start":{"line":201,"column":6},"end":{"line":201,"column":30}},{"start":{"line":201,"column":6},"end":{"line":201,"column":30}}]},"8":{"loc":{"start":{"line":206,"column":13},"end":{"line":206,"column":45}},"type":"binary-expr","locations":[{"start":{"line":206,"column":13},"end":{"line":206,"column":45}},{"start":{"line":206,"column":45},"end":{"line":206,"column":null}}]},"9":{"loc":{"start":{"line":213,"column":8},"end":{"line":215,"column":null}},"type":"switch","locations":[{"start":{"line":213,"column":8},"end":{"line":215,"column":null}},{"start":{"line":216,"column":8},"end":{"line":221,"column":null}},{"start":{"line":222,"column":8},"end":{"line":223,"column":15}}]},"10":{"loc":{"start":{"line":228,"column":8},"end":{"line":230,"column":null}},"type":"switch","locations":[{"start":{"line":228,"column":8},"end":{"line":230,"column":null}},{"start":{"line":231,"column":8},"end":{"line":236,"column":null}},{"start":{"line":237,"column":8},"end":{"line":238,"column":15}}]}},"s":{"0":2,"1":2,"2":18,"3":2,"4":16,"5":22,"6":2,"7":2,"8":18,"9":18,"10":22,"11":2,"12":2,"13":2,"14":2,"15":18,"16":22,"17":18,"18":198,"19":198,"20":18,"21":18,"22":18,"23":18,"24":216,"25":216,"26":24,"27":192,"28":216,"29":252,"30":756,"31":672,"32":84,"33":84,"34":84,"35":84,"36":1,"37":3,"38":1,"39":1,"40":1,"41":1,"42":1,"43":3,"44":1,"45":1,"46":1,"47":1,"48":1,"49":5,"50":2,"51":1},"f":{"0":18,"1":22,"2":2,"3":18,"4":18,"5":22,"6":18,"7":198,"8":18,"9":216,"10":252,"11":756,"12":1,"13":3,"14":3,"15":5,"16":2,"17":1},"b":{"0":[2,16],"1":[1,1],"2":[2,2,18],"3":[198,198,0,198,11],"4":[24,192],"5":[24,12,0,24,0,0],"6":[192,0,0],"7":[672,84],"8":[84,84],"9":[1,1,1],"10":[1,1,1]}}
,"/Users/haticeedis/Projects/openSources/vue-datepicker-ui/src/components/datepicker.vue": {"path":"/Users/haticeedis/Projects/openSources/vue-datepicker-ui/src/components/datepicker.vue","statementMap":{"0":{"start":{"line":92,"column":0},"end":{"line":92,"column":null}},"1":{"start":{"line":94,"column":0},"end":{"line":94,"column":null}},"2":{"start":{"line":95,"column":0},"end":{"line":95,"column":null}},"3":{"start":{"line":97,"column":0},"end":{"line":97,"column":null}},"4":{"start":{"line":99,"column":15},"end":{"line":99,"column":null}},"5":{"start":{"line":112,"column":8},"end":{"line":112,"column":15}},"6":{"start":{"line":141,"column":26},"end":{"line":141,"column":null}},"7":{"start":{"line":147,"column":8},"end":{"line":147,"column":15}},"8":{"start":{"line":156,"column":8},"end":{"line":156,"column":15}},"9":{"start":{"line":184,"column":4},"end":{"line":184,"column":11}},"10":{"start":{"line":205,"column":29},"end":{"line":205,"column":null}},"11":{"start":{"line":209,"column":6},"end":{"line":219,"column":null}},"12":{"start":{"line":210,"column":24},"end":{"line":210,"column":29}},"13":{"start":{"line":211,"column":27},"end":{"line":211,"column":null}},"14":{"start":{"line":212,"column":8},"end":{"line":212,"column":20}},"15":{"start":{"line":217,"column":8},"end":{"line":217,"column":22}},"16":{"start":{"line":218,"column":8},"end":{"line":218,"column":22}},"17":{"start":{"line":220,"column":6},"end":{"line":220,"column":13}},"18":{"start":{"line":223,"column":29},"end":{"line":223,"column":null}},"19":{"start":{"line":227,"column":6},"end":{"line":236,"column":null}},"20":{"start":{"line":228,"column":27},"end":{"line":228,"column":31}},"21":{"start":{"line":229,"column":8},"end":{"line":229,"column":20}},"22":{"start":{"line":234,"column":8},"end":{"line":234,"column":22}},"23":{"start":{"line":235,"column":8},"end":{"line":235,"column":22}},"24":{"start":{"line":237,"column":6},"end":{"line":237,"column":13}},"25":{"start":{"line":240,"column":6},"end":{"line":240,"column":13}},"26":{"start":{"line":249,"column":6},"end":{"line":249,"column":30}},"27":{"start":{"line":249,"column":23},"end":{"line":249,"column":30}},"28":{"start":{"line":250,"column":6},"end":{"line":250,"column":13}},"29":{"start":{"line":259,"column":6},"end":{"line":261,"column":109}},"30":{"start":{"line":260,"column":8},"end":{"line":260,"column":15}},"31":{"start":{"line":261,"column":13},"end":{"line":261,"column":109}},"32":{"start":{"line":261,"column":102},"end":{"line":261,"column":109}},"33":{"start":{"line":262,"column":6},"end":{"line":262,"column":14}},"34":{"start":{"line":269,"column":6},"end":{"line":269,"column":13}},"35":{"start":{"line":273,"column":8},"end":{"line":273,"column":null}},"36":{"start":{"line":274,"column":6},"end":{"line":274,"column":17}},"37":{"start":{"line":275,"column":6},"end":{"line":278,"column":null}},"38":{"start":{"line":276,"column":8},"end":{"line":276,"column":19}},"39":{"start":{"line":277,"column":8},"end":{"line":277,"column":19}},"40":{"start":{"line":282,"column":8},"end":{"line":282,"column":null}},"41":{"start":{"line":283,"column":6},"end":{"line":283,"column":17}},"42":{"start":{"line":284,"column":6},"end":{"line":287,"column":null}},"43":{"start":{"line":285,"column":8},"end":{"line":285,"column":19}},"44":{"start":{"line":286,"column":8},"end":{"line":286,"column":19}},"45":{"start":{"line":290,"column":26},"end":{"line":290,"column":null}},"46":{"start":{"line":291,"column":24},"end":{"line":291,"column":null}},"47":{"start":{"line":292,"column":6},"end":{"line":292,"column":11}},"48":{"start":{"line":295,"column":6},"end":{"line":311,"column":null}},"49":{"start":{"line":297,"column":10},"end":{"line":301,"column":null}},"50":{"start":{"line":302,"column":8},"end":{"line":302,"column":13}},"51":{"start":{"line":303,"column":13},"end":{"line":311,"column":null}},"52":{"start":{"line":305,"column":10},"end":{"line":309,"column":null}},"53":{"start":{"line":310,"column":8},"end":{"line":310,"column":13}},"54":{"start":{"line":314,"column":6},"end":{"line":314,"column":11}},"55":{"start":{"line":315,"column":6},"end":{"line":315,"column":11}},"56":{"start":{"line":318,"column":6},"end":{"line":319,"column":38}},"57":{"start":{"line":318,"column":30},"end":{"line":318,"column":35}},"58":{"start":{"line":319,"column":11},"end":{"line":319,"column":38}},"59":{"start":{"line":319,"column":33},"end":{"line":319,"column":38}},"60":{"start":{"line":322,"column":6},"end":{"line":323,"column":38}},"61":{"start":{"line":322,"column":30},"end":{"line":322,"column":35}},"62":{"start":{"line":323,"column":11},"end":{"line":323,"column":38}},"63":{"start":{"line":323,"column":33},"end":{"line":323,"column":38}},"64":{"start":{"line":324,"column":6},"end":{"line":324,"column":11}},"65":{"start":{"line":327,"column":6},"end":{"line":330,"column":null}},"66":{"start":{"line":328,"column":8},"end":{"line":328,"column":13}},"67":{"start":{"line":329,"column":8},"end":{"line":329,"column":null}},"68":{"start":{"line":331,"column":28},"end":{"line":331,"column":null}},"69":{"start":{"line":335,"column":6},"end":{"line":335,"column":11}},"70":{"start":{"line":338,"column":6},"end":{"line":341,"column":null}},"71":{"start":{"line":339,"column":8},"end":{"line":339,"column":13}},"72":{"start":{"line":340,"column":8},"end":{"line":340,"column":null}},"73":{"start":{"line":342,"column":6},"end":{"line":342,"column":11}},"74":{"start":{"line":343,"column":6},"end":{"line":343,"column":11}},"75":{"start":{"line":346,"column":6},"end":{"line":348,"column":null}},"76":{"start":{"line":347,"column":8},"end":{"line":347,"column":13}},"77":{"start":{"line":349,"column":6},"end":{"line":349,"column":11}},"78":{"start":{"line":351,"column":6},"end":{"line":355,"column":null}},"79":{"start":{"line":352,"column":8},"end":{"line":352,"column":65}},"80":{"start":{"line":352,"column":60},"end":{"line":352,"column":65}},"81":{"start":{"line":354,"column":8},"end":{"line":354,"column":13}},"82":{"start":{"line":358,"column":6},"end":{"line":358,"column":11}},"83":{"start":{"line":359,"column":6},"end":{"line":359,"column":11}},"84":{"start":{"line":360,"column":6},"end":{"line":360,"column":11}},"85":{"start":{"line":363,"column":6},"end":{"line":363,"column":11}},"86":{"start":{"line":366,"column":6},"end":{"line":366,"column":13}},"87":{"start":{"line":369,"column":6},"end":{"line":372,"column":null}},"88":{"start":{"line":370,"column":8},"end":{"line":370,"column":13}},"89":{"start":{"line":371,"column":8},"end":{"line":371,"column":null}},"90":{"start":{"line":373,"column":6},"end":{"line":388,"column":null}},"91":{"start":{"line":374,"column":8},"end":{"line":378,"column":null}},"92":{"start":{"line":375,"column":10},"end":{"line":375,"column":15}},"93":{"start":{"line":376,"column":10},"end":{"line":376,"column":15}},"94":{"start":{"line":377,"column":10},"end":{"line":377,"column":15}},"95":{"start":{"line":379,"column":8},"end":{"line":383,"column":null}},"96":{"start":{"line":380,"column":10},"end":{"line":380,"column":15}},"97":{"start":{"line":381,"column":10},"end":{"line":381,"column":15}},"98":{"start":{"line":382,"column":10},"end":{"line":382,"column":15}},"99":{"start":{"line":384,"column":13},"end":{"line":388,"column":null}},"100":{"start":{"line":385,"column":8},"end":{"line":385,"column":13}},"101":{"start":{"line":386,"column":8},"end":{"line":386,"column":13}},"102":{"start":{"line":387,"column":8},"end":{"line":387,"column":13}},"103":{"start":{"line":392,"column":4},"end":{"line":392,"column":9}},"104":{"start":{"line":393,"column":4},"end":{"line":393,"column":9}},"105":{"start":{"line":394,"column":4},"end":{"line":394,"column":9}},"106":{"start":{"line":395,"column":4},"end":{"line":395,"column":9}},"107":{"start":{"line":396,"column":6},"end":{"line":396,"column":11}},"108":{"start":{"line":397,"column":6},"end":{"line":397,"column":11}},"109":{"start":{"line":399,"column":4},"end":{"line":399,"column":9}},"110":{"start":{"line":400,"column":6},"end":{"line":400,"column":null}},"111":{"start":{"line":400,"column":47},"end":{"line":400,"column":null}},"112":{"start":{"line":401,"column":6},"end":{"line":401,"column":11}},"113":{"start":{"line":403,"column":4},"end":{"line":403,"column":12}},"114":{"start":{"line":404,"column":25},"end":{"line":404,"column":null}},"115":{"start":{"line":405,"column":21},"end":{"line":405,"column":31}},"116":{"start":{"line":406,"column":6},"end":{"line":406,"column":24}},"117":{"start":{"line":406,"column":19},"end":{"line":406,"column":24}}},"fnMap":{"0":{"name":"(anonymous_0)","decl":{"start":{"line":111,"column":15},"end":{"line":111,"column":21}},"loc":{"start":{"line":111,"column":21},"end":{"line":113,"column":null}}},"1":{"name":"(anonymous_1)","decl":{"start":{"line":141,"column":18},"end":{"line":141,"column":26}},"loc":{"start":{"line":141,"column":26},"end":{"line":141,"column":null}}},"2":{"name":"(anonymous_2)","decl":{"start":{"line":146,"column":6},"end":{"line":146,"column":13}},"loc":{"start":{"line":146,"column":17},"end":{"line":151,"column":null}}},"3":{"name":"(anonymous_3)","decl":{"start":{"line":155,"column":6},"end":{"line":155,"column":13}},"loc":{"start":{"line":155,"column":17},"end":{"line":160,"column":null}}},"4":{"name":"(anonymous_4)","decl":{"start":{"line":183,"column":2},"end":{"line":183,"column":6}},"loc":{"start":{"line":183,"column":10},"end":{"line":202,"column":null}}},"5":{"name":"(anonymous_5)","decl":{"start":{"line":204,"column":4},"end":{"line":204,"column":25}},"loc":{"start":{"line":204,"column":29},"end":{"line":221,"column":null}}},"6":{"name":"(anonymous_6)","decl":{"start":{"line":222,"column":4},"end":{"line":222,"column":23}},"loc":{"start":{"line":222,"column":27},"end":{"line":238,"column":null}}},"7":{"name":"(anonymous_7)","decl":{"start":{"line":239,"column":4},"end":{"line":239,"column":12}},"loc":{"start":{"line":239,"column":16},"end":{"line":247,"column":null}}},"8":{"name":"(anonymous_8)","decl":{"start":{"line":248,"column":4},"end":{"line":248,"column":15}},"loc":{"start":{"line":248,"column":19},"end":{"line":257,"column":null}}},"9":{"name":"(anonymous_9)","decl":{"start":{"line":258,"column":4},"end":{"line":258,"column":18}},"loc":{"start":{"line":258,"column":22},"end":{"line":265,"column":null}}},"10":{"name":"(anonymous_10)","decl":{"start":{"line":268,"column":4},"end":{"line":268,"column":14}},"loc":{"start":{"line":268,"column":23},"end":{"line":270,"column":null}}},"11":{"name":"(anonymous_11)","decl":{"start":{"line":271,"column":4},"end":{"line":271,"column":13}},"loc":{"start":{"line":271,"column":23},"end":{"line":279,"column":null}}},"12":{"name":"(anonymous_12)","decl":{"start":{"line":280,"column":4},"end":{"line":280,"column":13}},"loc":{"start":{"line":280,"column":23},"end":{"line":288,"column":null}}},"13":{"name":"(anonymous_13)","decl":{"start":{"line":289,"column":4},"end":{"line":289,"column":18}},"loc":{"start":{"line":289,"column":38},"end":{"line":293,"column":null}}},"14":{"name":"(anonymous_14)","decl":{"start":{"line":294,"column":4},"end":{"line":294,"column":12}},"loc":{"start":{"line":294,"column":33},"end":{"line":312,"column":null}}},"15":{"name":"(anonymous_15)","decl":{"start":{"line":313,"column":4},"end":{"line":313,"column":11}},"loc":{"start":{"line":313,"column":31},"end":{"line":316,"column":null}}},"16":{"name":"(anonymous_16)","decl":{"start":{"line":317,"column":4},"end":{"line":317,"column":15}},"loc":{"start":{"line":317,"column":35},"end":{"line":320,"column":null}}},"17":{"name":"(anonymous_17)","decl":{"start":{"line":321,"column":4},"end":{"line":321,"column":12}},"loc":{"start":{"line":321,"column":33},"end":{"line":325,"column":null}}},"18":{"name":"(anonymous_18)","decl":{"start":{"line":326,"column":4},"end":{"line":326,"column":15}},"loc":{"start":{"line":326,"column":46},"end":{"line":336,"column":null}}},"19":{"name":"(anonymous_19)","decl":{"start":{"line":337,"column":4},"end":{"line":337,"column":11}},"loc":{"start":{"line":337,"column":28},"end":{"line":344,"column":null}}},"20":{"name":"(anonymous_20)","decl":{"start":{"line":345,"column":4},"end":{"line":345,"column":19}},"loc":{"start":{"line":345,"column":23},"end":{"line":356,"column":null}}},"21":{"name":"(anonymous_21)","decl":{"start":{"line":349,"column":21},"end":{"line":349,"column":27}},"loc":{"start":{"line":349,"column":27},"end":{"line":350,"column":null}}},"22":{"name":"(anonymous_22)","decl":{"start":{"line":357,"column":4},"end":{"line":357,"column":9}},"loc":{"start":{"line":357,"column":13},"end":{"line":361,"column":null}}},"23":{"name":"(anonymous_23)","decl":{"start":{"line":362,"column":4},"end":{"line":362,"column":13}},"loc":{"start":{"line":362,"column":17},"end":{"line":364,"column":null}}},"24":{"name":"(anonymous_24)","decl":{"start":{"line":365,"column":4},"end":{"line":365,"column":23}},"loc":{"start":{"line":365,"column":27},"end":{"line":367,"column":null}}},"25":{"name":"(anonymous_25)","decl":{"start":{"line":368,"column":4},"end":{"line":368,"column":15}},"loc":{"start":{"line":368,"column":19},"end":{"line":389,"column":null}}},"26":{"name":"(anonymous_26)","decl":{"start":{"line":391,"column":2},"end":{"line":391,"column":9}},"loc":{"start":{"line":391,"column":13},"end":{"line":408,"column":null}}},"27":{"name":"(anonymous_27)","decl":{"start":{"line":395,"column":30},"end":{"line":395,"column":36}},"loc":{"start":{"line":395,"column":36},"end":{"line":398,"column":null}}},"28":{"name":"(anonymous_28)","decl":{"start":{"line":399,"column":33},"end":{"line":399,"column":43}},"loc":{"start":{"line":399,"column":43},"end":{"line":402,"column":null}}},"29":{"name":"(anonymous_29)","decl":{"start":{"line":403,"column":45},"end":{"line":403,"column":51}},"loc":{"start":{"line":403,"column":51},"end":{"line":407,"column":null}}}},"branchMap":{"0":{"loc":{"start":{"line":209,"column":6},"end":{"line":219,"column":null}},"type":"if","locations":[{"start":{"line":209,"column":6},"end":{"line":219,"column":null}},{"start":{"line":209,"column":6},"end":{"line":219,"column":null}}]},"1":{"loc":{"start":{"line":211,"column":37},"end":{"line":211,"column":41}},"type":"cond-expr","locations":[{"start":{"line":211,"column":37},"end":{"line":211,"column":41}},{"start":{"line":211,"column":57},"end":{"line":211,"column":null}}]},"2":{"loc":{"start":{"line":215,"column":14},"end":{"line":215,"column":null}},"type":"cond-expr","locations":[{"start":{"line":215,"column":14},"end":{"line":215,"column":null}},{"start":{"line":216,"column":14},"end":{"line":216,"column":null}}]},"3":{"loc":{"start":{"line":213,"column":10},"end":{"line":213,"column":null}},"type":"binary-expr","locations":[{"start":{"line":213,"column":10},"end":{"line":213,"column":null}},{"start":{"line":214,"column":10},"end":{"line":214,"column":40}}]},"4":{"loc":{"start":{"line":227,"column":6},"end":{"line":236,"column":null}},"type":"if","locations":[{"start":{"line":227,"column":6},"end":{"line":236,"column":null}},{"start":{"line":227,"column":6},"end":{"line":236,"column":null}}]},"5":{"loc":{"start":{"line":232,"column":14},"end":{"line":232,"column":null}},"type":"cond-expr","locations":[{"start":{"line":232,"column":14},"end":{"line":232,"column":null}},{"start":{"line":233,"column":14},"end":{"line":233,"column":null}}]},"6":{"loc":{"start":{"line":230,"column":10},"end":{"line":230,"column":null}},"type":"binary-expr","locations":[{"start":{"line":230,"column":10},"end":{"line":230,"column":null}},{"start":{"line":231,"column":10},"end":{"line":231,"column":40}}]},"7":{"loc":{"start":{"line":245,"column":21},"end":{"line":245,"column":50}},"type":"cond-expr","locations":[{"start":{"line":245,"column":21},"end":{"line":245,"column":50}},{"start":{"line":245,"column":50},"end":{"line":245,"column":null}}]},"8":{"loc":{"start":{"line":249,"column":6},"end":{"line":249,"column":30}},"type":"if","locations":[{"start":{"line":249,"column":6},"end":{"line":249,"column":30}},{"start":{"line":249,"column":6},"end":{"line":249,"column":30}}]},"9":{"loc":{"start":{"line":259,"column":6},"end":{"line":261,"column":109}},"type":"if","locations":[{"start":{"line":259,"column":6},"end":{"line":261,"column":109}},{"start":{"line":259,"column":6},"end":{"line":261,"column":109}}]},"10":{"loc":{"start":{"line":261,"column":13},"end":{"line":261,"column":109}},"type":"if","locations":[{"start":{"line":261,"column":13},"end":{"line":261,"column":109}},{"start":{"line":261,"column":13},"end":{"line":261,"column":109}}]},"11":{"loc":{"start":{"line":261,"column":17},"end":{"line":261,"column":23}},"type":"binary-expr","locations":[{"start":{"line":261,"column":17},"end":{"line":261,"column":23}},{"start":{"line":261,"column":54},"end":{"line":261,"column":102}}]},"12":{"loc":{"start":{"line":273,"column":29},"end":{"line":273,"column":48}},"type":"cond-expr","locations":[{"start":{"line":273,"column":29},"end":{"line":273,"column":48}},{"start":{"line":273,"column":48},"end":{"line":273,"column":null}}]},"13":{"loc":{"start":{"line":275,"column":6},"end":{"line":278,"column":null}},"type":"if","locations":[{"start":{"line":275,"column":6},"end":{"line":278,"column":null}},{"start":{"line":275,"column":6},"end":{"line":278,"column":null}}]},"14":{"loc":{"start":{"line":282,"column":29},"end":{"line":282,"column":48}},"type":"cond-expr","locations":[{"start":{"line":282,"column":29},"end":{"line":282,"column":48}},{"start":{"line":282,"column":48},"end":{"line":282,"column":null}}]},"15":{"loc":{"start":{"line":284,"column":6},"end":{"line":287,"column":null}},"type":"if","locations":[{"start":{"line":284,"column":6},"end":{"line":287,"column":null}},{"start":{"line":284,"column":6},"end":{"line":287,"column":null}}]},"16":{"loc":{"start":{"line":291,"column":48},"end":{"line":291,"column":56}},"type":"cond-expr","locations":[{"start":{"line":291,"column":48},"end":{"line":291,"column":56}},{"start":{"line":291,"column":56},"end":{"line":291,"column":59}}]},"17":{"loc":{"start":{"line":295,"column":6},"end":{"line":311,"column":null}},"type":"if","locations":[{"start":{"line":295,"column":6},"end":{"line":311,"column":null}},{"start":{"line":295,"column":6},"end":{"line":311,"column":null}}]},"18":{"loc":{"start":{"line":298,"column":14},"end":{"line":298,"column":null}},"type":"cond-expr","locations":[{"start":{"line":298,"column":14},"end":{"line":298,"column":null}},{"start":{"line":299,"column":14},"end":{"line":301,"column":null}}]},"19":{"loc":{"start":{"line":300,"column":16},"end":{"line":300,"column":null}},"type":"cond-expr","locations":[{"start":{"line":300,"column":16},"end":{"line":300,"column":null}},{"start":{"line":301,"column":16},"end":{"line":301,"column":null}}]},"20":{"loc":{"start":{"line":303,"column":13},"end":{"line":311,"column":null}},"type":"if","locations":[{"start":{"line":303,"column":13},"end":{"line":311,"column":null}},{"start":{"line":303,"column":13},"end":{"line":311,"column":null}}]},"21":{"loc":{"start":{"line":306,"column":14},"end":{"line":306,"column":null}},"type":"cond-expr","locations":[{"start":{"line":306,"column":14},"end":{"line":306,"column":null}},{"start":{"line":307,"column":14},"end":{"line":309,"column":null}}]},"22":{"loc":{"start":{"line":308,"column":16},"end":{"line":308,"column":null}},"type":"cond-expr","locations":[{"start":{"line":308,"column":16},"end":{"line":308,"column":null}},{"start":{"line":309,"column":16},"end":{"line":309,"column":null}}]},"23":{"loc":{"start":{"line":318,"column":6},"end":{"line":319,"column":38}},"type":"if","locations":[{"start":{"line":318,"column":6},"end":{"line":319,"column":38}},{"start":{"line":318,"column":6},"end":{"line":319,"column":38}}]},"24":{"loc":{"start":{"line":319,"column":11},"end":{"line":319,"column":38}},"type":"if","locations":[{"start":{"line":319,"column":11},"end":{"line":319,"column":38}},{"start":{"line":319,"column":11},"end":{"line":319,"column":38}}]},"25":{"loc":{"start":{"line":322,"column":6},"end":{"line":323,"column":38}},"type":"if","locations":[{"start":{"line":322,"column":6},"end":{"line":323,"column":38}},{"start":{"line":322,"column":6},"end":{"line":323,"column":38}}]},"26":{"loc":{"start":{"line":323,"column":11},"end":{"line":323,"column":38}},"type":"if","locations":[{"start":{"line":323,"column":11},"end":{"line":323,"column":38}},{"start":{"line":323,"column":11},"end":{"line":323,"column":38}}]},"27":{"loc":{"start":{"line":326,"column":38},"end":{"line":326,"column":46}},"type":"default-arg","locations":[{"start":{"line":326,"column":38},"end":{"line":326,"column":46}}]},"28":{"loc":{"start":{"line":327,"column":6},"end":{"line":330,"column":null}},"type":"if","locations":[{"start":{"line":327,"column":6},"end":{"line":330,"column":null}},{"start":{"line":327,"column":6},"end":{"line":330,"column":null}}]},"29":{"loc":{"start":{"line":332,"column":29},"end":{"line":332,"column":40}},"type":"cond-expr","locations":[{"start":{"line":332,"column":29},"end":{"line":332,"column":40}},{"start":{"line":332,"column":40},"end":{"line":332,"column":45}}]},"30":{"loc":{"start":{"line":333,"column":27},"end":{"line":333,"column":38}},"type":"cond-expr","locations":[{"start":{"line":333,"column":27},"end":{"line":333,"column":38}},{"start":{"line":333,"column":38},"end":{"line":333,"column":43}}]},"31":{"loc":{"start":{"line":338,"column":6},"end":{"line":341,"column":null}},"type":"if","locations":[{"start":{"line":338,"column":6},"end":{"line":341,"column":null}},{"start":{"line":338,"column":6},"end":{"line":341,"column":null}}]},"32":{"loc":{"start":{"line":346,"column":6},"end":{"line":348,"column":null}},"type":"if","locations":[{"start":{"line":346,"column":6},"end":{"line":348,"column":null}},{"start":{"line":346,"column":6},"end":{"line":348,"column":null}}]},"33":{"loc":{"start":{"line":351,"column":6},"end":{"line":355,"column":null}},"type":"if","locations":[{"start":{"line":351,"column":6},"end":{"line":355,"column":null}},{"start":{"line":351,"column":6},"end":{"line":355,"column":null}}]},"34":{"loc":{"start":{"line":352,"column":8},"end":{"line":352,"column":65}},"type":"if","locations":[{"start":{"line":352,"column":8},"end":{"line":352,"column":65}},{"start":{"line":352,"column":8},"end":{"line":352,"column":65}}]},"35":{"loc":{"start":{"line":366,"column":26},"end":{"line":366,"column":27}},"type":"cond-expr","locations":[{"start":{"line":366,"column":26},"end":{"line":366,"column":27}},{"start":{"line":366,"column":41},"end":{"line":366,"column":null}}]},"36":{"loc":{"start":{"line":369,"column":6},"end":{"line":372,"column":null}},"type":"if","locations":[{"start":{"line":369,"column":6},"end":{"line":372,"column":null}},{"start":{"line":369,"column":6},"end":{"line":372,"column":null}}]},"37":{"loc":{"start":{"line":373,"column":6},"end":{"line":388,"column":null}},"type":"if","locations":[{"start":{"line":373,"column":6},"end":{"line":388,"column":null}},{"start":{"line":373,"column":6},"end":{"line":388,"column":null}}]},"38":{"loc":{"start":{"line":374,"column":8},"end":{"line":378,"column":null}},"type":"if","locations":[{"start":{"line":374,"column":8},"end":{"line":378,"column":null}},{"start":{"line":374,"column":8},"end":{"line":378,"column":null}}]},"39":{"loc":{"start":{"line":379,"column":8},"end":{"line":383,"column":null}},"type":"if","locations":[{"start":{"line":379,"column":8},"end":{"line":383,"column":null}},{"start":{"line":379,"column":8},"end":{"line":383,"column":null}}]},"40":{"loc":{"start":{"line":384,"column":13},"end":{"line":388,"column":null}},"type":"if","locations":[{"start":{"line":384,"column":13},"end":{"line":388,"column":null}},{"start":{"line":384,"column":13},"end":{"line":388,"column":null}}]},"41":{"loc":{"start":{"line":400,"column":6},"end":{"line":400,"column":null}},"type":"if","locations":[{"start":{"line":400,"column":6},"end":{"line":400,"column":null}},{"start":{"line":400,"column":6},"end":{"line":400,"column":null}}]},"42":{"loc":{"start":{"line":400,"column":10},"end":{"line":400,"column":20}},"type":"binary-expr","locations":[{"start":{"line":400,"column":10},"end":{"line":400,"column":20}},{"start":{"line":400,"column":20},"end":{"line":400,"column":47}}]},"43":{"loc":{"start":{"line":406,"column":6},"end":{"line":406,"column":24}},"type":"if","locations":[{"start":{"line":406,"column":6},"end":{"line":406,"column":24}},{"start":{"line":406,"column":6},"end":{"line":406,"column":24}}]}},"s":{"0":1,"1":1,"2":1,"3":1,"4":1,"5":39,"6":63,"7":39,"8":39,"9":39,"10":1,"11":1,"12":1,"13":1,"14":1,"15":1,"16":1,"17":1,"18":3,"19":3,"20":3,"21":3,"22":3,"23":3,"24":3,"25":4,"26":3,"27":0,"28":3,"29":69,"30":49,"31":20,"32":13,"33":7,"34":231,"35":3,"36":3,"37":3,"38":1,"39":1,"40":3,"41":3,"42":3,"43":1,"44":1,"45":6,"46":6,"47":6,"48":4,"49":2,"50":2,"51":2,"52":2,"53":2,"54":2,"55":2,"56":4,"57":2,"58":2,"59":2,"60":2,"61":1,"62":1,"63":1,"64":2,"65":3,"66":1,"67":1,"68":2,"69":2,"70":60,"71":39,"72":39,"73":21,"74":21,"75":21,"76":21,"77":21,"78":21,"79":10,"80":7,"81":11,"82":94,"83":94,"84":94,"85":79,"86":118,"87":57,"88":39,"89":39,"90":18,"91":8,"92":6,"93":6,"94":6,"95":8,"96":6,"97":6,"98":6,"99":10,"100":10,"101":10,"102":10,"103":39,"104":39,"105":39,"106":39,"107":18,"108":18,"109":39,"110":22,"111":0,"112":22,"113":39,"114":77,"115":77,"116":77,"117":76},"f":{"0":39,"1":63,"2":39,"3":39,"4":39,"5":1,"6":3,"7":4,"8":3,"9":69,"10":231,"11":3,"12":3,"13":6,"14":4,"15":2,"16":4,"17":2,"18":3,"19":60,"20":21,"21":21,"22":94,"23":79,"24":118,"25":57,"26":39,"27":18,"28":22,"29":77},"b":{"0":[1,0],"1":[0,1],"2":[1,0],"3":[1,0],"4":[3,0],"5":[3,0],"6":[3,0],"7":[1,3],"8":[0,3],"9":[49,20],"10":[13,7],"11":[20,14],"12":[2,1],"13":[1,2],"14":[2,1],"15":[1,2],"16":[3,3],"17":[2,2],"18":[1,1],"19":[1,0],"20":[2,0],"21":[1,1],"22":[1,0],"23":[2,2],"24":[2,0],"25":[1,1],"26":[1,0],"27":[0],"28":[1,2],"29":[1,1],"30":[1,1],"31":[39,21],"32":[21,0],"33":[10,11],"34":[7,3],"35":[6,112],"36":[39,18],"37":[8,10],"38":[6,2],"39":[6,2],"40":[10,0],"41":[0,22],"42":[22,1],"43":[76,1]}}
,"/Users/haticeedis/Projects/openSources/vue-datepicker-ui/src/utils/formatDate.js": {"path":"/Users/haticeedis/Projects/openSources/vue-datepicker-ui/src/utils/formatDate.js","statementMap":{"0":{"start":{"line":15,"column":52},"end":{"line":15,"column":59}},"1":{"start":{"line":17,"column":2},"end":{"line":17,"column":24}},"2":{"start":{"line":17,"column":13},"end":{"line":17,"column":24}},"3":{"start":{"line":18,"column":2},"end":{"line":18,"column":69}},"4":{"start":{"line":18,"column":58},"end":{"line":18,"column":69}},"5":{"start":{"line":19,"column":17},"end":{"line":21,"column":4}},"6":{"start":{"line":23,"column":2},"end":{"line":23,"column":15}}},"fnMap":{"0":{"name":"(anonymous_0)","decl":{"start":{"line":14,"column":15},"end":{"line":14,"column":16}},"loc":{"start":{"line":14,"column":45},"end":{"line":24,"column":1}},"line":14}},"branchMap":{"0":{"loc":{"start":{"line":14,"column":31},"end":{"line":14,"column":43}},"type":"default-arg","locations":[{"start":{"line":14,"column":41},"end":{"line":14,"column":43}}],"line":14},"1":{"loc":{"start":{"line":17,"column":2},"end":{"line":17,"column":24}},"type":"if","locations":[{"start":{"line":17,"column":2},"end":{"line":17,"column":24}},{"start":{"line":17,"column":2},"end":{"line":17,"column":24}}],"line":17},"2":{"loc":{"start":{"line":18,"column":2},"end":{"line":18,"column":69}},"type":"if","locations":[{"start":{"line":18,"column":2},"end":{"line":18,"column":69}},{"start":{"line":18,"column":2},"end":{"line":18,"column":69}}],"line":18},"3":{"loc":{"start":{"line":18,"column":6},"end":{"line":18,"column":56}},"type":"binary-expr","locations":[{"start":{"line":18,"column":6},"end":{"line":18,"column":11}},{"start":{"line":18,"column":15},"end":{"line":18,"column":56}}],"line":18}},"s":{"0":819,"1":819,"2":206,"3":613,"4":0,"5":613,"6":613},"f":{"0":819},"b":{"0":[0],"1":[206,613],"2":[0,613],"3":[613,14]},"_coverageSchema":"1a1c01bbd47fc00a2c39e90264f33305004495a9","hash":"e08cc702055fcb98a2f33fbd5eebdee019cd81c0"}
,"/Users/haticeedis/Projects/openSources/vue-datepicker-ui/src/utils/modes.js": {"path":"/Users/haticeedis/Projects/openSources/vue-datepicker-ui/src/utils/modes.js","statementMap":{"0":{"start":{"line":1,"column":26},"end":{"line":5,"column":1}}},"fnMap":{},"branchMap":{},"s":{"0":2},"f":{},"b":{},"_coverageSchema":"1a1c01bbd47fc00a2c39e90264f33305004495a9","hash":"0ccf5799a684a007030543fd650f7ac78c22b632"}
}
