{"/Users/haticeedis/Projects/openSources/vue-datepicker-ui/src/components/calendar.vue": {"path":"/Users/haticeedis/Projects/openSources/vue-datepicker-ui/src/components/calendar.vue","statementMap":{"0":{"start":{"line":76,"column":0},"end":{"line":76,"column":null}},"1":{"start":{"line":120,"column":0},"end":{"line":124,"column":null}},"2":{"start":{"line":121,"column":0},"end":{"line":121,"column":null}},"3":{"start":{"line":124,"column":0},"end":{"line":124,"column":null}},"4":{"start":{"line":127,"column":0},"end":{"line":127,"column":null}},"5":{"start":{"line":130,"column":0},"end":{"line":130,"column":null}},"6":{"start":{"line":131,"column":0},"end":{"line":131,"column":null}},"7":{"start":{"line":134,"column":0},"end":{"line":134,"column":null}},"8":{"start":{"line":137,"column":0},"end":{"line":137,"column":null}},"9":{"start":{"line":145,"column":0},"end":{"line":145,"column":null}},"10":{"start":{"line":147,"column":0},"end":{"line":147,"column":null}},"11":{"start":{"line":148,"column":0},"end":{"line":148,"column":null}},"12":{"start":{"line":150,"column":0},"end":{"line":150,"column":null}},"13":{"start":{"line":151,"column":0},"end":{"line":151,"column":null}},"14":{"start":{"line":153,"column":0},"end":{"line":153,"column":null}},"15":{"start":{"line":155,"column":0},"end":{"line":155,"column":null}},"16":{"start":{"line":158,"column":0},"end":{"line":169,"column":null}},"17":{"start":{"line":159,"column":0},"end":{"line":159,"column":null}},"18":{"start":{"line":165,"column":0},"end":{"line":165,"column":null}},"19":{"start":{"line":172,"column":0},"end":{"line":172,"column":null}},"20":{"start":{"line":173,"column":0},"end":{"line":173,"column":null}},"21":{"start":{"line":174,"column":0},"end":{"line":174,"column":null}},"22":{"start":{"line":176,"column":0},"end":{"line":194,"column":null}},"23":{"start":{"line":177,"column":0},"end":{"line":177,"column":null}},"24":{"start":{"line":178,"column":0},"end":{"line":189,"column":null}},"25":{"start":{"line":179,"column":0},"end":{"line":179,"column":null}},"26":{"start":{"line":186,"column":0},"end":{"line":186,"column":null}},"27":{"start":{"line":190,"column":0},"end":{"line":190,"column":null}},"28":{"start":{"line":199,"column":0},"end":{"line":199,"column":null}},"29":{"start":{"line":202,"column":0},"end":{"line":202,"column":null}},"30":{"start":{"line":203,"column":0},"end":{"line":203,"column":null}},"31":{"start":{"line":204,"column":0},"end":{"line":204,"column":null}},"32":{"start":{"line":205,"column":0},"end":{"line":205,"column":null}},"33":{"start":{"line":207,"column":0},"end":{"line":207,"column":null}},"34":{"start":{"line":210,"column":0},"end":{"line":210,"column":null}},"35":{"start":{"line":213,"column":0},"end":{"line":213,"column":null}},"36":{"start":{"line":215,"column":0},"end":{"line":215,"column":null}},"37":{"start":{"line":216,"column":0},"end":{"line":216,"column":null}},"38":{"start":{"line":218,"column":0},"end":{"line":218,"column":null}},"39":{"start":{"line":222,"column":0},"end":{"line":222,"column":null}},"40":{"start":{"line":224,"column":0},"end":{"line":224,"column":null}},"41":{"start":{"line":228,"column":0},"end":{"line":228,"column":null}},"42":{"start":{"line":230,"column":0},"end":{"line":230,"column":null}},"43":{"start":{"line":231,"column":0},"end":{"line":231,"column":null}},"44":{"start":{"line":233,"column":0},"end":{"line":233,"column":null}},"45":{"start":{"line":237,"column":0},"end":{"line":237,"column":null}},"46":{"start":{"line":239,"column":0},"end":{"line":239,"column":null}},"47":{"start":{"line":243,"column":0},"end":{"line":243,"column":null}},"48":{"start":{"line":246,"column":0},"end":{"line":246,"column":null}},"49":{"start":{"line":249,"column":0},"end":{"line":249,"column":null}}},"fnMap":{"0":{"name":"(anonymous_1)","decl":{"start":{"line":119,"column":0},"end":{"line":119,"column":null}},"loc":{"start":{"line":119,"column":0},"end":{"line":125,"column":null}}},"1":{"name":"(anonymous_2)","decl":{"start":{"line":126,"column":0},"end":{"line":126,"column":null}},"loc":{"start":{"line":126,"column":0},"end":{"line":128,"column":null}}},"2":{"name":"(anonymous_3)","decl":{"start":{"line":129,"column":0},"end":{"line":129,"column":null}},"loc":{"start":{"line":129,"column":0},"end":{"line":132,"column":null}}},"3":{"name":"(anonymous_4)","decl":{"start":{"line":133,"column":0},"end":{"line":133,"column":null}},"loc":{"start":{"line":133,"column":0},"end":{"line":135,"column":null}}},"4":{"name":"(anonymous_5)","decl":{"start":{"line":136,"column":0},"end":{"line":136,"column":null}},"loc":{"start":{"line":136,"column":0},"end":{"line":142,"column":null}}},"5":{"name":"(anonymous_6)","decl":{"start":{"line":143,"column":0},"end":{"line":143,"column":null}},"loc":{"start":{"line":143,"column":0},"end":{"line":156,"column":null}}},"6":{"name":"(anonymous_7)","decl":{"start":{"line":157,"column":0},"end":{"line":157,"column":null}},"loc":{"start":{"line":157,"column":0},"end":{"line":170,"column":null}}},"7":{"name":"(anonymous_8)","decl":{"start":{"line":158,"column":0},"end":{"line":158,"column":null}},"loc":{"start":{"line":158,"column":0},"end":{"line":169,"column":null}}},"8":{"name":"(anonymous_9)","decl":{"start":{"line":171,"column":0},"end":{"line":171,"column":null}},"loc":{"start":{"line":171,"column":0},"end":{"line":195,"column":null}}},"9":{"name":"(anonymous_10)","decl":{"start":{"line":176,"column":0},"end":{"line":176,"column":null}},"loc":{"start":{"line":176,"column":0},"end":{"line":194,"column":null}}},"10":{"name":"(anonymous_11)","decl":{"start":{"line":198,"column":0},"end":{"line":198,"column":null}},"loc":{"start":{"line":198,"column":0},"end":{"line":200,"column":null}}},"11":{"name":"(anonymous_12)","decl":{"start":{"line":201,"column":0},"end":{"line":201,"column":null}},"loc":{"start":{"line":201,"column":0},"end":{"line":208,"column":null}}},"12":{"name":"(anonymous_13)","decl":{"start":{"line":209,"column":0},"end":{"line":209,"column":null}},"loc":{"start":{"line":209,"column":0},"end":{"line":211,"column":null}}},"13":{"name":"(anonymous_14)","decl":{"start":{"line":212,"column":0},"end":{"line":212,"column":null}},"loc":{"start":{"line":212,"column":0},"end":{"line":226,"column":null}}},"14":{"name":"(anonymous_15)","decl":{"start":{"line":227,"column":0},"end":{"line":227,"column":null}},"loc":{"start":{"line":227,"column":0},"end":{"line":241,"column":null}}},"15":{"name":"(anonymous_16)","decl":{"start":{"line":242,"column":0},"end":{"line":242,"column":null}},"loc":{"start":{"line":242,"column":0},"end":{"line":244,"column":null}}},"16":{"name":"(anonymous_17)","decl":{"start":{"line":245,"column":0},"end":{"line":245,"column":null}},"loc":{"start":{"line":245,"column":0},"end":{"line":247,"column":null}}},"17":{"name":"(anonymous_18)","decl":{"start":{"line":248,"column":0},"end":{"line":248,"column":null}},"loc":{"start":{"line":248,"column":0},"end":{"line":250,"column":null}}}},"branchMap":{"0":{"loc":{"start":{"line":120,"column":0},"end":{"line":124,"column":null}},"type":"if","locations":[{"start":{"line":120,"column":0},"end":{"line":124,"column":null}},{"start":{"line":120,"column":0},"end":{"line":124,"column":null}}]},"1":{"loc":{"start":{"line":121,"column":0},"end":{"line":121,"column":null}},"type":"cond-expr","locations":[{"start":{"line":121,"column":0},"end":{"line":121,"column":null}},{"start":{"line":121,"column":0},"end":{"line":121,"column":null}}]},"2":{"loc":{"start":{"line":146,"column":0},"end":{"line":148,"column":null}},"type":"switch","locations":[{"start":{"line":146,"column":0},"end":{"line":148,"column":null}},{"start":{"line":149,"column":0},"end":{"line":151,"column":null}},{"start":{"line":152,"column":0},"end":{"line":153,"column":null}}]},"3":{"loc":{"start":{"line":159,"column":0},"end":{"line":159,"column":null}},"type":"binary-expr","locations":[{"start":{"line":159,"column":0},"end":{"line":159,"column":null}},{"start":{"line":159,"column":0},"end":{"line":159,"column":null}},{"start":{"line":159,"column":0},"end":{"line":159,"column":null}},{"start":{"line":159,"column":0},"end":{"line":159,"column":null}},{"start":{"line":159,"column":0},"end":{"line":159,"column":null}}]},"4":{"loc":{"start":{"line":178,"column":0},"end":{"line":189,"column":null}},"type":"if","locations":[{"start":{"line":178,"column":0},"end":{"line":189,"column":null}},{"start":{"line":178,"column":0},"end":{"line":189,"column":null}}]},"5":{"loc":{"start":{"line":179,"column":0},"end":{"line":179,"column":null}},"type":"binary-expr","locations":[{"start":{"line":179,"column":0},"end":{"line":179,"column":null}},{"start":{"line":179,"column":0},"end":{"line":179,"column":null}},{"start":{"line":179,"column":0},"end":{"line":179,"column":null}},{"start":{"line":179,"column":0},"end":{"line":179,"column":null}},{"start":{"line":179,"column":0},"end":{"line":179,"column":null}},{"start":{"line":179,"column":0},"end":{"line":179,"column":null}}]},"6":{"loc":{"start":{"line":186,"column":0},"end":{"line":186,"column":null}},"type":"binary-expr","locations":[{"start":{"line":186,"column":0},"end":{"line":186,"column":null}},{"start":{"line":186,"column":0},"end":{"line":186,"column":null}},{"start":{"line":186,"column":0},"end":{"line":186,"column":null}}]},"7":{"loc":{"start":{"line":202,"column":0},"end":{"line":202,"column":null}},"type":"if","locations":[{"start":{"line":202,"column":0},"end":{"line":202,"column":null}},{"start":{"line":202,"column":0},"end":{"line":202,"column":null}}]},"8":{"loc":{"start":{"line":207,"column":0},"end":{"line":207,"column":null}},"type":"binary-expr","locations":[{"start":{"line":207,"column":0},"end":{"line":207,"column":null}},{"start":{"line":207,"column":0},"end":{"line":207,"column":null}}]},"9":{"loc":{"start":{"line":214,"column":0},"end":{"line":216,"column":null}},"type":"switch","locations":[{"start":{"line":214,"column":0},"end":{"line":216,"column":null}},{"start":{"line":217,"column":0},"end":{"line":222,"column":null}},{"start":{"line":223,"column":0},"end":{"line":224,"column":null}}]},"10":{"loc":{"start":{"line":229,"column":0},"end":{"line":231,"column":null}},"type":"switch","locations":[{"start":{"line":229,"column":0},"end":{"line":231,"column":null}},{"start":{"line":232,"column":0},"end":{"line":237,"column":null}},{"start":{"line":238,"column":0},"end":{"line":239,"column":null}}]}},"s":{"0":2,"1":17,"2":2,"3":15,"4":21,"5":2,"6":2,"7":17,"8":17,"9":21,"10":2,"11":2,"12":2,"13":2,"14":17,"15":21,"16":17,"17":187,"18":187,"19":17,"20":17,"21":17,"22":17,"23":204,"24":204,"25":24,"26":180,"27":204,"28":252,"29":1344,"30":84,"31":84,"32":84,"33":84,"34":1,"35":3,"36":1,"37":1,"38":1,"39":1,"40":1,"41":3,"42":1,"43":1,"44":1,"45":1,"46":1,"47":5,"48":2,"49":1},"f":{"0":17,"1":21,"2":2,"3":17,"4":17,"5":21,"6":17,"7":187,"8":17,"9":204,"10":252,"11":714,"12":1,"13":3,"14":3,"15":5,"16":2,"17":1},"b":{"0":[2,15],"1":[1,1],"2":[2,2,17],"3":[187,187,0,187,11],"4":[24,180],"5":[24,12,0,24,0,0],"6":[180,0,0],"7":[630,84],"8":[84,84],"9":[1,1,1],"10":[1,1,1]}}
,"/Users/haticeedis/Projects/openSources/vue-datepicker-ui/src/components/datepicker.vue": {"path":"/Users/haticeedis/Projects/openSources/vue-datepicker-ui/src/components/datepicker.vue","statementMap":{"0":{"start":{"line":92,"column":0},"end":{"line":92,"column":null}},"1":{"start":{"line":94,"column":0},"end":{"line":94,"column":null}},"2":{"start":{"line":95,"column":0},"end":{"line":95,"column":null}},"3":{"start":{"line":97,"column":0},"end":{"line":97,"column":null}},"4":{"start":{"line":111,"column":0},"end":{"line":111,"column":null}},"5":{"start":{"line":140,"column":0},"end":{"line":140,"column":null}},"6":{"start":{"line":146,"column":0},"end":{"line":146,"column":null}},"7":{"start":{"line":155,"column":0},"end":{"line":155,"column":null}},"8":{"start":{"line":183,"column":0},"end":{"line":183,"column":null}},"9":{"start":{"line":204,"column":0},"end":{"line":204,"column":null}},"10":{"start":{"line":208,"column":0},"end":{"line":218,"column":null}},"11":{"start":{"line":209,"column":0},"end":{"line":209,"column":null}},"12":{"start":{"line":210,"column":0},"end":{"line":210,"column":null}},"13":{"start":{"line":211,"column":0},"end":{"line":211,"column":null}},"14":{"start":{"line":216,"column":0},"end":{"line":216,"column":null}},"15":{"start":{"line":217,"column":0},"end":{"line":217,"column":null}},"16":{"start":{"line":219,"column":0},"end":{"line":219,"column":null}},"17":{"start":{"line":222,"column":0},"end":{"line":222,"column":null}},"18":{"start":{"line":226,"column":0},"end":{"line":235,"column":null}},"19":{"start":{"line":227,"column":0},"end":{"line":227,"column":null}},"20":{"start":{"line":228,"column":0},"end":{"line":228,"column":null}},"21":{"start":{"line":233,"column":0},"end":{"line":233,"column":null}},"22":{"start":{"line":234,"column":0},"end":{"line":234,"column":null}},"23":{"start":{"line":236,"column":0},"end":{"line":236,"column":null}},"24":{"start":{"line":239,"column":0},"end":{"line":243,"column":null}},"25":{"start":{"line":248,"column":0},"end":{"line":248,"column":null}},"26":{"start":{"line":249,"column":0},"end":{"line":253,"column":null}},"27":{"start":{"line":258,"column":0},"end":{"line":260,"column":null}},"28":{"start":{"line":259,"column":0},"end":{"line":259,"column":null}},"29":{"start":{"line":260,"column":0},"end":{"line":260,"column":null}},"30":{"start":{"line":261,"column":0},"end":{"line":261,"column":null}},"31":{"start":{"line":268,"column":0},"end":{"line":268,"column":null}},"32":{"start":{"line":271,"column":0},"end":{"line":271,"column":null}},"33":{"start":{"line":273,"column":0},"end":{"line":273,"column":null}},"34":{"start":{"line":274,"column":0},"end":{"line":277,"column":null}},"35":{"start":{"line":275,"column":0},"end":{"line":275,"column":null}},"36":{"start":{"line":276,"column":0},"end":{"line":276,"column":null}},"37":{"start":{"line":280,"column":0},"end":{"line":280,"column":null}},"38":{"start":{"line":282,"column":0},"end":{"line":282,"column":null}},"39":{"start":{"line":283,"column":0},"end":{"line":286,"column":null}},"40":{"start":{"line":284,"column":0},"end":{"line":284,"column":null}},"41":{"start":{"line":285,"column":0},"end":{"line":285,"column":null}},"42":{"start":{"line":289,"column":0},"end":{"line":289,"column":null}},"43":{"start":{"line":290,"column":0},"end":{"line":290,"column":null}},"44":{"start":{"line":291,"column":0},"end":{"line":291,"column":null}},"45":{"start":{"line":294,"column":0},"end":{"line":310,"column":null}},"46":{"start":{"line":295,"column":0},"end":{"line":295,"column":null}},"47":{"start":{"line":301,"column":0},"end":{"line":301,"column":null}},"48":{"start":{"line":302,"column":0},"end":{"line":310,"column":null}},"49":{"start":{"line":303,"column":0},"end":{"line":303,"column":null}},"50":{"start":{"line":309,"column":0},"end":{"line":309,"column":null}},"51":{"start":{"line":313,"column":0},"end":{"line":313,"column":null}},"52":{"start":{"line":314,"column":0},"end":{"line":314,"column":null}},"53":{"start":{"line":317,"column":0},"end":{"line":317,"column":null}},"54":{"start":{"line":321,"column":0},"end":{"line":321,"column":null}},"55":{"start":{"line":323,"column":0},"end":{"line":323,"column":null}},"56":{"start":{"line":326,"column":0},"end":{"line":329,"column":null}},"57":{"start":{"line":327,"column":0},"end":{"line":327,"column":null}},"58":{"start":{"line":328,"column":0},"end":{"line":328,"column":null}},"59":{"start":{"line":330,"column":0},"end":{"line":330,"column":null}},"60":{"start":{"line":334,"column":0},"end":{"line":334,"column":null}},"61":{"start":{"line":337,"column":0},"end":{"line":337,"column":null}},"62":{"start":{"line":338,"column":0},"end":{"line":338,"column":null}},"63":{"start":{"line":339,"column":0},"end":{"line":339,"column":null}},"64":{"start":{"line":342,"column":0},"end":{"line":342,"column":null}},"65":{"start":{"line":343,"column":0},"end":{"line":347,"column":null}},"66":{"start":{"line":344,"column":0},"end":{"line":344,"column":null}},"67":{"start":{"line":346,"column":0},"end":{"line":346,"column":null}},"68":{"start":{"line":350,"column":0},"end":{"line":350,"column":null}},"69":{"start":{"line":351,"column":0},"end":{"line":351,"column":null}},"70":{"start":{"line":352,"column":0},"end":{"line":352,"column":null}},"71":{"start":{"line":355,"column":0},"end":{"line":355,"column":null}},"72":{"start":{"line":358,"column":0},"end":{"line":358,"column":null}},"73":{"start":{"line":361,"column":0},"end":{"line":361,"column":null}},"74":{"start":{"line":362,"column":0},"end":{"line":377,"column":null}},"75":{"start":{"line":363,"column":0},"end":{"line":367,"column":null}},"76":{"start":{"line":364,"column":0},"end":{"line":364,"column":null}},"77":{"start":{"line":365,"column":0},"end":{"line":365,"column":null}},"78":{"start":{"line":366,"column":0},"end":{"line":366,"column":null}},"79":{"start":{"line":368,"column":0},"end":{"line":372,"column":null}},"80":{"start":{"line":369,"column":0},"end":{"line":369,"column":null}},"81":{"start":{"line":370,"column":0},"end":{"line":370,"column":null}},"82":{"start":{"line":371,"column":0},"end":{"line":371,"column":null}},"83":{"start":{"line":373,"column":0},"end":{"line":377,"column":null}},"84":{"start":{"line":374,"column":0},"end":{"line":374,"column":null}},"85":{"start":{"line":375,"column":0},"end":{"line":375,"column":null}},"86":{"start":{"line":376,"column":0},"end":{"line":376,"column":null}},"87":{"start":{"line":381,"column":0},"end":{"line":381,"column":null}},"88":{"start":{"line":382,"column":0},"end":{"line":382,"column":null}},"89":{"start":{"line":383,"column":0},"end":{"line":383,"column":null}},"90":{"start":{"line":384,"column":0},"end":{"line":387,"column":null}},"91":{"start":{"line":385,"column":0},"end":{"line":385,"column":null}},"92":{"start":{"line":386,"column":0},"end":{"line":386,"column":null}},"93":{"start":{"line":388,"column":0},"end":{"line":391,"column":null}},"94":{"start":{"line":389,"column":0},"end":{"line":389,"column":null}},"95":{"start":{"line":390,"column":0},"end":{"line":390,"column":null}},"96":{"start":{"line":392,"column":0},"end":{"line":396,"column":null}},"97":{"start":{"line":393,"column":0},"end":{"line":393,"column":null}},"98":{"start":{"line":394,"column":0},"end":{"line":394,"column":null}},"99":{"start":{"line":395,"column":0},"end":{"line":395,"column":null}}},"fnMap":{"0":{"name":"(anonymous_1)","decl":{"start":{"line":110,"column":0},"end":{"line":110,"column":null}},"loc":{"start":{"line":110,"column":0},"end":{"line":112,"column":null}}},"1":{"name":"(anonymous_2)","decl":{"start":{"line":140,"column":0},"end":{"line":140,"column":null}},"loc":{"start":{"line":140,"column":0},"end":{"line":140,"column":null}}},"2":{"name":"(anonymous_3)","decl":{"start":{"line":145,"column":0},"end":{"line":145,"column":null}},"loc":{"start":{"line":145,"column":0},"end":{"line":150,"column":null}}},"3":{"name":"(anonymous_4)","decl":{"start":{"line":154,"column":0},"end":{"line":154,"column":null}},"loc":{"start":{"line":154,"column":0},"end":{"line":159,"column":null}}},"4":{"name":"(anonymous_5)","decl":{"start":{"line":182,"column":0},"end":{"line":182,"column":null}},"loc":{"start":{"line":182,"column":0},"end":{"line":201,"column":null}}},"5":{"name":"(anonymous_6)","decl":{"start":{"line":203,"column":0},"end":{"line":203,"column":null}},"loc":{"start":{"line":203,"column":0},"end":{"line":220,"column":null}}},"6":{"name":"(anonymous_7)","decl":{"start":{"line":221,"column":0},"end":{"line":221,"column":null}},"loc":{"start":{"line":221,"column":0},"end":{"line":237,"column":null}}},"7":{"name":"(anonymous_8)","decl":{"start":{"line":238,"column":0},"end":{"line":238,"column":null}},"loc":{"start":{"line":238,"column":0},"end":{"line":246,"column":null}}},"8":{"name":"(anonymous_9)","decl":{"start":{"line":247,"column":0},"end":{"line":247,"column":null}},"loc":{"start":{"line":247,"column":0},"end":{"line":256,"column":null}}},"9":{"name":"(anonymous_10)","decl":{"start":{"line":257,"column":0},"end":{"line":257,"column":null}},"loc":{"start":{"line":257,"column":0},"end":{"line":264,"column":null}}},"10":{"name":"(anonymous_11)","decl":{"start":{"line":267,"column":0},"end":{"line":267,"column":null}},"loc":{"start":{"line":267,"column":0},"end":{"line":269,"column":null}}},"11":{"name":"(anonymous_12)","decl":{"start":{"line":270,"column":0},"end":{"line":270,"column":null}},"loc":{"start":{"line":270,"column":0},"end":{"line":278,"column":null}}},"12":{"name":"(anonymous_13)","decl":{"start":{"line":279,"column":0},"end":{"line":279,"column":null}},"loc":{"start":{"line":279,"column":0},"end":{"line":287,"column":null}}},"13":{"name":"(anonymous_14)","decl":{"start":{"line":288,"column":0},"end":{"line":288,"column":null}},"loc":{"start":{"line":288,"column":0},"end":{"line":292,"column":null}}},"14":{"name":"(anonymous_15)","decl":{"start":{"line":293,"column":0},"end":{"line":293,"column":null}},"loc":{"start":{"line":293,"column":0},"end":{"line":311,"column":null}}},"15":{"name":"(anonymous_16)","decl":{"start":{"line":312,"column":0},"end":{"line":312,"column":null}},"loc":{"start":{"line":312,"column":0},"end":{"line":315,"column":null}}},"16":{"name":"(anonymous_17)","decl":{"start":{"line":316,"column":0},"end":{"line":316,"column":null}},"loc":{"start":{"line":316,"column":0},"end":{"line":319,"column":null}}},"17":{"name":"(anonymous_18)","decl":{"start":{"line":320,"column":0},"end":{"line":320,"column":null}},"loc":{"start":{"line":320,"column":0},"end":{"line":324,"column":null}}},"18":{"name":"(anonymous_19)","decl":{"start":{"line":325,"column":0},"end":{"line":325,"column":null}},"loc":{"start":{"line":325,"column":0},"end":{"line":335,"column":null}}},"19":{"name":"(anonymous_20)","decl":{"start":{"line":336,"column":0},"end":{"line":336,"column":null}},"loc":{"start":{"line":336,"column":0},"end":{"line":340,"column":null}}},"20":{"name":"(anonymous_21)","decl":{"start":{"line":341,"column":0},"end":{"line":341,"column":null}},"loc":{"start":{"line":341,"column":0},"end":{"line":348,"column":null}}},"21":{"name":"(anonymous_22)","decl":{"start":{"line":349,"column":0},"end":{"line":349,"column":null}},"loc":{"start":{"line":349,"column":0},"end":{"line":353,"column":null}}},"22":{"name":"(anonymous_23)","decl":{"start":{"line":354,"column":0},"end":{"line":354,"column":null}},"loc":{"start":{"line":354,"column":0},"end":{"line":356,"column":null}}},"23":{"name":"(anonymous_24)","decl":{"start":{"line":357,"column":0},"end":{"line":357,"column":null}},"loc":{"start":{"line":357,"column":0},"end":{"line":359,"column":null}}},"24":{"name":"(anonymous_25)","decl":{"start":{"line":360,"column":0},"end":{"line":360,"column":null}},"loc":{"start":{"line":360,"column":0},"end":{"line":378,"column":null}}},"25":{"name":"(anonymous_26)","decl":{"start":{"line":380,"column":0},"end":{"line":380,"column":null}},"loc":{"start":{"line":380,"column":0},"end":{"line":397,"column":null}}},"26":{"name":"(anonymous_27)","decl":{"start":{"line":384,"column":0},"end":{"line":384,"column":null}},"loc":{"start":{"line":384,"column":0},"end":{"line":387,"column":null}}},"27":{"name":"(anonymous_28)","decl":{"start":{"line":388,"column":0},"end":{"line":388,"column":null}},"loc":{"start":{"line":388,"column":0},"end":{"line":391,"column":null}}},"28":{"name":"(anonymous_29)","decl":{"start":{"line":392,"column":0},"end":{"line":392,"column":null}},"loc":{"start":{"line":392,"column":0},"end":{"line":396,"column":null}}}},"branchMap":{"0":{"loc":{"start":{"line":208,"column":0},"end":{"line":218,"column":null}},"type":"if","locations":[{"start":{"line":208,"column":0},"end":{"line":218,"column":null}},{"start":{"line":208,"column":0},"end":{"line":218,"column":null}}]},"1":{"loc":{"start":{"line":210,"column":0},"end":{"line":210,"column":null}},"type":"cond-expr","locations":[{"start":{"line":210,"column":0},"end":{"line":210,"column":null}},{"start":{"line":210,"column":0},"end":{"line":210,"column":null}}]},"2":{"loc":{"start":{"line":211,"column":0},"end":{"line":211,"column":null}},"type":"cond-expr","locations":[{"start":{"line":211,"column":0},"end":{"line":211,"column":null}},{"start":{"line":211,"column":0},"end":{"line":211,"column":null}}]},"3":{"loc":{"start":{"line":226,"column":0},"end":{"line":235,"column":null}},"type":"if","locations":[{"start":{"line":226,"column":0},"end":{"line":235,"column":null}},{"start":{"line":226,"column":0},"end":{"line":235,"column":null}}]},"4":{"loc":{"start":{"line":228,"column":0},"end":{"line":228,"column":null}},"type":"cond-expr","locations":[{"start":{"line":228,"column":0},"end":{"line":228,"column":null}},{"start":{"line":228,"column":0},"end":{"line":228,"column":null}}]},"5":{"loc":{"start":{"line":243,"column":0},"end":{"line":243,"column":null}},"type":"cond-expr","locations":[{"start":{"line":243,"column":0},"end":{"line":243,"column":null}},{"start":{"line":243,"column":0},"end":{"line":243,"column":null}}]},"6":{"loc":{"start":{"line":248,"column":0},"end":{"line":248,"column":null}},"type":"if","locations":[{"start":{"line":248,"column":0},"end":{"line":248,"column":null}},{"start":{"line":248,"column":0},"end":{"line":248,"column":null}}]},"7":{"loc":{"start":{"line":258,"column":0},"end":{"line":260,"column":null}},"type":"if","locations":[{"start":{"line":258,"column":0},"end":{"line":260,"column":null}},{"start":{"line":258,"column":0},"end":{"line":260,"column":null}}]},"8":{"loc":{"start":{"line":260,"column":0},"end":{"line":260,"column":null}},"type":"if","locations":[{"start":{"line":260,"column":0},"end":{"line":260,"column":null}},{"start":{"line":260,"column":0},"end":{"line":260,"column":null}}]},"9":{"loc":{"start":{"line":271,"column":0},"end":{"line":271,"column":null}},"type":"cond-expr","locations":[{"start":{"line":271,"column":0},"end":{"line":271,"column":null}},{"start":{"line":271,"column":0},"end":{"line":271,"column":null}}]},"10":{"loc":{"start":{"line":274,"column":0},"end":{"line":277,"column":null}},"type":"if","locations":[{"start":{"line":274,"column":0},"end":{"line":277,"column":null}},{"start":{"line":274,"column":0},"end":{"line":277,"column":null}}]},"11":{"loc":{"start":{"line":280,"column":0},"end":{"line":280,"column":null}},"type":"cond-expr","locations":[{"start":{"line":280,"column":0},"end":{"line":280,"column":null}},{"start":{"line":280,"column":0},"end":{"line":280,"column":null}}]},"12":{"loc":{"start":{"line":283,"column":0},"end":{"line":286,"column":null}},"type":"if","locations":[{"start":{"line":283,"column":0},"end":{"line":286,"column":null}},{"start":{"line":283,"column":0},"end":{"line":286,"column":null}}]},"13":{"loc":{"start":{"line":290,"column":0},"end":{"line":290,"column":null}},"type":"cond-expr","locations":[{"start":{"line":290,"column":0},"end":{"line":290,"column":null}},{"start":{"line":290,"column":0},"end":{"line":290,"column":null}}]},"14":{"loc":{"start":{"line":294,"column":0},"end":{"line":310,"column":null}},"type":"if","locations":[{"start":{"line":294,"column":0},"end":{"line":310,"column":null}},{"start":{"line":294,"column":0},"end":{"line":310,"column":null}}]},"15":{"loc":{"start":{"line":295,"column":0},"end":{"line":295,"column":null}},"type":"cond-expr","locations":[{"start":{"line":295,"column":0},"end":{"line":295,"column":null}},{"start":{"line":295,"column":0},"end":{"line":295,"column":null}}]},"16":{"loc":{"start":{"line":302,"column":0},"end":{"line":310,"column":null}},"type":"if","locations":[{"start":{"line":302,"column":0},"end":{"line":310,"column":null}},{"start":{"line":302,"column":0},"end":{"line":310,"column":null}}]},"17":{"loc":{"start":{"line":303,"column":0},"end":{"line":303,"column":null}},"type":"cond-expr","locations":[{"start":{"line":303,"column":0},"end":{"line":303,"column":null}},{"start":{"line":303,"column":0},"end":{"line":303,"column":null}}]},"18":{"loc":{"start":{"line":317,"column":0},"end":{"line":317,"column":null}},"type":"if","locations":[{"start":{"line":317,"column":0},"end":{"line":317,"column":null}},{"start":{"line":317,"column":0},"end":{"line":317,"column":null}}]},"19":{"loc":{"start":{"line":321,"column":0},"end":{"line":321,"column":null}},"type":"if","locations":[{"start":{"line":321,"column":0},"end":{"line":321,"column":null}},{"start":{"line":321,"column":0},"end":{"line":321,"column":null}}]},"20":{"loc":{"start":{"line":325,"column":0},"end":{"line":325,"column":null}},"type":"default-arg","locations":[{"start":{"line":325,"column":0},"end":{"line":325,"column":null}}]},"21":{"loc":{"start":{"line":326,"column":0},"end":{"line":329,"column":null}},"type":"if","locations":[{"start":{"line":326,"column":0},"end":{"line":329,"column":null}},{"start":{"line":326,"column":0},"end":{"line":329,"column":null}}]},"22":{"loc":{"start":{"line":330,"column":0},"end":{"line":330,"column":null}},"type":"cond-expr","locations":[{"start":{"line":330,"column":0},"end":{"line":330,"column":null}},{"start":{"line":330,"column":0},"end":{"line":330,"column":null}}]},"23":{"loc":{"start":{"line":337,"column":0},"end":{"line":337,"column":null}},"type":"if","locations":[{"start":{"line":337,"column":0},"end":{"line":337,"column":null}},{"start":{"line":337,"column":0},"end":{"line":337,"column":null}}]},"24":{"loc":{"start":{"line":343,"column":0},"end":{"line":347,"column":null}},"type":"if","locations":[{"start":{"line":343,"column":0},"end":{"line":347,"column":null}},{"start":{"line":343,"column":0},"end":{"line":347,"column":null}}]},"25":{"loc":{"start":{"line":344,"column":0},"end":{"line":344,"column":null}},"type":"if","locations":[{"start":{"line":344,"column":0},"end":{"line":344,"column":null}},{"start":{"line":344,"column":0},"end":{"line":344,"column":null}}]},"26":{"loc":{"start":{"line":358,"column":0},"end":{"line":358,"column":null}},"type":"cond-expr","locations":[{"start":{"line":358,"column":0},"end":{"line":358,"column":null}},{"start":{"line":358,"column":0},"end":{"line":358,"column":null}}]},"27":{"loc":{"start":{"line":361,"column":0},"end":{"line":361,"column":null}},"type":"if","locations":[{"start":{"line":361,"column":0},"end":{"line":361,"column":null}},{"start":{"line":361,"column":0},"end":{"line":361,"column":null}}]},"28":{"loc":{"start":{"line":362,"column":0},"end":{"line":377,"column":null}},"type":"if","locations":[{"start":{"line":362,"column":0},"end":{"line":377,"column":null}},{"start":{"line":362,"column":0},"end":{"line":377,"column":null}}]},"29":{"loc":{"start":{"line":363,"column":0},"end":{"line":367,"column":null}},"type":"if","locations":[{"start":{"line":363,"column":0},"end":{"line":367,"column":null}},{"start":{"line":363,"column":0},"end":{"line":367,"column":null}}]},"30":{"loc":{"start":{"line":368,"column":0},"end":{"line":372,"column":null}},"type":"if","locations":[{"start":{"line":368,"column":0},"end":{"line":372,"column":null}},{"start":{"line":368,"column":0},"end":{"line":372,"column":null}}]},"31":{"loc":{"start":{"line":373,"column":0},"end":{"line":377,"column":null}},"type":"if","locations":[{"start":{"line":373,"column":0},"end":{"line":377,"column":null}},{"start":{"line":373,"column":0},"end":{"line":377,"column":null}}]},"32":{"loc":{"start":{"line":389,"column":0},"end":{"line":389,"column":null}},"type":"if","locations":[{"start":{"line":389,"column":0},"end":{"line":389,"column":null}},{"start":{"line":389,"column":0},"end":{"line":389,"column":null}}]},"33":{"loc":{"start":{"line":395,"column":0},"end":{"line":395,"column":null}},"type":"if","locations":[{"start":{"line":395,"column":0},"end":{"line":395,"column":null}},{"start":{"line":395,"column":0},"end":{"line":395,"column":null}}]}},"s":{"0":1,"1":1,"2":1,"3":1,"4":38,"5":60,"6":38,"7":38,"8":38,"9":1,"10":1,"11":1,"12":1,"13":1,"14":1,"15":1,"16":1,"17":3,"18":3,"19":3,"20":3,"21":3,"22":3,"23":3,"24":4,"25":3,"26":3,"27":82,"28":62,"29":34,"30":6,"31":200,"32":3,"33":3,"34":3,"35":1,"36":1,"37":3,"38":3,"39":3,"40":1,"41":1,"42":6,"43":6,"44":6,"45":4,"46":2,"47":2,"48":2,"49":2,"50":2,"51":2,"52":2,"53":10,"54":5,"55":2,"56":3,"57":1,"58":1,"59":2,"60":2,"61":97,"62":21,"63":21,"64":21,"65":21,"66":14,"67":13,"68":93,"69":93,"70":93,"71":1,"72":39,"73":94,"74":18,"75":6,"76":5,"77":5,"78":5,"79":6,"80":5,"81":5,"82":5,"83":12,"84":12,"85":12,"86":12,"87":38,"88":38,"89":38,"90":38,"91":18,"92":18,"93":38,"94":22,"95":22,"96":38,"97":75,"98":75,"99":149},"f":{"0":38,"1":60,"2":38,"3":38,"4":38,"5":1,"6":3,"7":4,"8":3,"9":82,"10":200,"11":3,"12":3,"13":6,"14":4,"15":2,"16":4,"17":2,"18":3,"19":59,"20":21,"21":93,"22":1,"23":39,"24":56,"25":38,"26":18,"27":22,"28":75},"b":{"0":[1,0],"1":[0,1],"2":[2,0],"3":[3,0],"4":[6,0],"5":[1,3],"6":[0,3],"7":[62,20],"8":[34,16],"9":[2,1],"10":[1,2],"11":[2,1],"12":[1,2],"13":[3,3],"14":[2,2],"15":[2,1],"16":[2,0],"17":[2,1],"18":[4,2],"19":[2,1],"20":[0],"21":[1,2],"22":[2,2],"23":[38,21],"24":[8,13],"25":[6,2],"26":[2,37],"27":[38,18],"28":[6,12],"29":[5,1],"30":[5,1],"31":[12,0],"32":[22,23],"33":[74,1]}}
,"/Users/haticeedis/Projects/openSources/vue-datepicker-ui/src/utils/formatDate.js": {"path":"/Users/haticeedis/Projects/openSources/vue-datepicker-ui/src/utils/formatDate.js","statementMap":{"0":{"start":{"line":15,"column":45},"end":{"line":15,"column":52}},"1":{"start":{"line":17,"column":2},"end":{"line":17,"column":24}},"2":{"start":{"line":17,"column":13},"end":{"line":17,"column":24}},"3":{"start":{"line":18,"column":2},"end":{"line":18,"column":62}},"4":{"start":{"line":18,"column":51},"end":{"line":18,"column":62}},"5":{"start":{"line":19,"column":17},"end":{"line":21,"column":4}},"6":{"start":{"line":23,"column":2},"end":{"line":23,"column":15}}},"fnMap":{"0":{"name":"(anonymous_0)","decl":{"start":{"line":14,"column":15},"end":{"line":14,"column":16}},"loc":{"start":{"line":14,"column":45},"end":{"line":24,"column":1}},"line":14}},"branchMap":{"0":{"loc":{"start":{"line":14,"column":31},"end":{"line":14,"column":43}},"type":"default-arg","locations":[{"start":{"line":14,"column":41},"end":{"line":14,"column":43}}],"line":14},"1":{"loc":{"start":{"line":17,"column":2},"end":{"line":17,"column":24}},"type":"if","locations":[{"start":{"line":17,"column":2},"end":{"line":17,"column":24}},{"start":{"line":17,"column":2},"end":{"line":17,"column":24}}],"line":17},"2":{"loc":{"start":{"line":18,"column":2},"end":{"line":18,"column":62}},"type":"if","locations":[{"start":{"line":18,"column":2},"end":{"line":18,"column":62}},{"start":{"line":18,"column":2},"end":{"line":18,"column":62}}],"line":18},"3":{"loc":{"start":{"line":18,"column":6},"end":{"line":18,"column":49}},"type":"binary-expr","locations":[{"start":{"line":18,"column":6},"end":{"line":18,"column":11}},{"start":{"line":18,"column":15},"end":{"line":18,"column":49}}],"line":18}},"s":{"0":788,"1":788,"2":175,"3":613,"4":2,"5":611,"6":611},"f":{"0":788},"b":{"0":[0],"1":[175,613],"2":[2,611],"3":[613,12]},"_coverageSchema":"43e27e138ebf9cfc5966b082cf9a028302ed4184","hash":"e9ecf0ae40304dc8af4dc32cb0cc06bc8dd5c59c"}
,"/Users/haticeedis/Projects/openSources/vue-datepicker-ui/src/utils/modes.js": {"path":"/Users/haticeedis/Projects/openSources/vue-datepicker-ui/src/utils/modes.js","statementMap":{"0":{"start":{"line":1,"column":26},"end":{"line":5,"column":1}}},"fnMap":{},"branchMap":{},"s":{"0":2},"f":{},"b":{},"_coverageSchema":"43e27e138ebf9cfc5966b082cf9a028302ed4184","hash":"05af04f0170daffe670be6c19cd88dcf19be65b7"}
}
